nohup: ignoring input
2025-12-02 18:26:03,330 INFO vpn_manager Loaded 2577 configs (2577 preferred, 1 bad)
2025-12-02 18:26:03,352 INFO vpn_manager Attempt 1: launching vpn-proxy-1764717963-4072 using uk877.nordvpn.com.tcp.ovpn on port 15614
2025-12-02 18:26:05,111 INFO vpn_manager Launched container vpn-proxy-1764717963-4072
2025-12-02 18:26:51,141 ERROR vpn_manager Health check timed out
2025-12-02 18:26:51,143 WARNING vpn_manager Health check failed; trying restart
2025-12-02 18:26:53,216 INFO vpn_manager Container restarted
2025-12-02 18:27:38,797 ERROR vpn_manager Health check timed out
2025-12-02 18:27:38,815 INFO vpn_manager Removing container and retrying with new port/config
2025-12-02 18:27:38,816 INFO vpn_manager Removing container vpn-proxy-1764717963-4072
2025-12-02 18:27:39,752 INFO vpn_manager Attempt 2: launching vpn-proxy-1764718059-4836 using uk2343.nordvpn.com.tcp.ovpn on port 13553
2025-12-02 18:27:40,879 INFO vpn_manager Launched container vpn-proxy-1764718059-4836
2025-12-02 18:28:26,488 ERROR vpn_manager Health check timed out
2025-12-02 18:28:26,491 WARNING vpn_manager Health check failed; trying restart
2025-12-02 18:28:28,436 INFO vpn_manager Container restarted
2025-12-02 18:29:14,128 ERROR vpn_manager Health check timed out
2025-12-02 18:29:14,128 INFO vpn_manager Removing container and retrying with new port/config
2025-12-02 18:29:14,129 INFO vpn_manager Removing container vpn-proxy-1764718059-4836
2025-12-02 18:29:15,087 INFO vpn_manager Attempt 3: launching vpn-proxy-1764718155-8608 using uk1680.nordvpn.com.tcp.ovpn on port 12624
2025-12-02 18:29:16,653 INFO vpn_manager Launched container vpn-proxy-1764718155-8608
2025-12-02 18:30:02,932 ERROR vpn_manager Health check timed out
2025-12-02 18:30:02,937 WARNING vpn_manager Health check failed; trying restart
2025-12-02 18:30:05,436 INFO vpn_manager Container restarted
2025-12-02 18:30:51,185 ERROR vpn_manager Health check timed out
2025-12-02 18:30:51,339 INFO vpn_manager Removing container and retrying with new port/config
2025-12-02 18:30:51,341 INFO vpn_manager Removing container vpn-proxy-1764718155-8608
2025-12-02 18:30:52,064 INFO vpn_manager Attempt 4: launching vpn-proxy-1764718252-2544 using uk1878.nordvpn.com.tcp.ovpn on port 12801
2025-12-02 18:30:53,404 INFO vpn_manager Launched container vpn-proxy-1764718252-2544
2025-12-02 18:31:39,224 ERROR vpn_manager Health check timed out
2025-12-02 18:31:39,235 WARNING vpn_manager Health check failed; trying restart
2025-12-02 18:31:40,949 INFO vpn_manager Container restarted
2025-12-02 18:32:11,351 INFO vpn_manager Loaded 2577 configs (2577 preferred, 1 bad)
2025-12-02 18:32:11,357 INFO vpn_manager Attempt 1: launching vpn-proxy-1764718331-8059 using ch356.nordvpn.com.tcp.ovpn on port 17273
2025-12-02 18:32:12,964 INFO vpn_manager Launched container vpn-proxy-1764718331-8059
2025-12-02 18:32:26,894 ERROR vpn_manager Health check timed out
2025-12-02 18:32:26,999 INFO vpn_manager Removing container and retrying with new port/config
2025-12-02 18:32:26,999 INFO vpn_manager Removing container vpn-proxy-1764718252-2544
2025-12-02 18:32:27,621 INFO vpn_manager Attempt 5: launching vpn-proxy-1764718347-9473 using nl1112.nordvpn.com.tcp.ovpn on port 10132
2025-12-02 18:32:29,202 INFO vpn_manager Launched container vpn-proxy-1764718347-9473
2025-12-02 18:32:35,279 WARNING vpn_manager Error indicators found in logs; breaking
2025-12-02 18:32:35,280 WARNING vpn_manager Health check failed; trying restart
2025-12-02 18:32:36,989 INFO vpn_manager Container restarted
2025-12-02 18:32:37,014 WARNING vpn_manager Error indicators found in logs; breaking
2025-12-02 18:32:37,015 INFO vpn_manager Removing container and retrying with new port/config
2025-12-02 18:32:37,016 INFO vpn_manager Removing container vpn-proxy-1764718347-9473
2025-12-02 18:32:37,583 ERROR vpnMan Failed to create new proxy
Traceback (most recent call last):
  File "/home/kali/Desktop/project/vpnMan/main.py", line 35, in new_proxy
    raise HTTPException(status_code=502, detail=result)
fastapi.exceptions.HTTPException: 502: {'status': 'error', 'message': 'post_restart_health_timeout', 'logs_excerpt': ['', '2025-12-02T23:32:32Z INFO [openvpn] SIGUSR1[soft,auth-failure] received, process restarting', '', '2025-12-02T23:32:35Z WARN Caught OS signal terminated, shutting down', '2025-12-02T23:32:35Z INFO dns ticker: terminated ✔️', '2025-12-02T23:32:35Z INFO updater ticker: terminated ✔️', '2025-12-02T23:32:35Z INFO http server: terminated ✔️', '2025-12-02T23:32:35Z INFO control: terminated ✔️', '2025-12-02T23:32:35Z INFO updater: terminated ✔️', '2025-12-02T23:32:35Z INFO tickers: terminated ✔️', '2025-12-02T23:32:35Z INFO HTTP health server: terminated ✔️', '2025-12-02T23:32:35Z INFO vpn: terminated ✔️', '2025-12-02T23:32:35Z INFO dns: terminated ✔️', '2025-12-02T23:32:35Z INFO shadowsocks proxy: terminated ✔️', '2025-12-02T23:32:35Z WARN other: group shutdown timed out: 1 out of 3 goroutines: http proxy: goroutine shutdown timed out: after 400ms ⚠️', '2025-12-02T23:32:35Z INFO [routing] routing cleanup...', '2025-12-02T23:32:35Z INFO [routing] default route found: interface eth0, gateway 172.17.0.1, assigned IP 172.17.0.3 and family v4', '2025-12-02T23:32:35Z INFO [routing] deleting route for 0.0.0.0/0', '                         @@@', '                         @@@@', '                        @@@@@@', '                       @@@@.@@                       @@@@@@@@@@', '                       @@@@.@@@                   @@@@@@@@==@@@@', '                      @@@.@..@@                @@@@@@@=@..==@@@@', '            @@@@      @@@.@@.@@              @@@@@@===@@@@.=@@@', '           @...-@@   @@@@.@@.@@@  @@@     @@@@@@=======@@@=@@@@', '           @@@@@@@@  @@@.-%@.+@@@@@@@@  @@@@@%============@@@@', '                     @@@.--@..@@@@.-@@@@@@@==============@@@@', '              @@@@  @@@-@--@@.@@.---@@@@@==============#@@@@@', '              @@@   @@@.@@-@@.@@--@@@@@===============@@@@@@', '                   @@@@.@--@@@@@@@@@@================@@@@@@@', '                   @@@..--@@*@@@@@@================@@@@+*@@', '                   @@@.---@@.@@@@=================@@@@--@@', '                  @@@-.---@@@@@@================@@@@*--@@@', '                  @@@.:-#@@@@@@===============*@@@@.---@@', '                  @@@.-------.@@@============@@@@@@.--@@@', '                 @@@..--------:@@@=========@@@@@@@@.--@@@', '                 @@@.-@@@@@@@@@@@========@@@@@  @@@.--@@', '                 @@.@@@@===============@@@@@ @@@@@@---@@@@@@', '                @@@@@@@==============@@@@@@@@@@@@*@---@@@@@@@@', '                @@@@@@=============@@@@@ @@@...------------.*@@@', '                @@@@%===========@@@@@@ @@@..------@@@@.-----.-@@@', '                @@@@@@.=======@@@@@@  @@@.-------@@@@@@-.------=@@', '               @@@@@@@@@===@@@@@@     @@.------@@@@   @@@@.-----@@@', '               @@@==@@@=@@@@@@@      @@@.-@@@@@@@       @@@@@@@--@@', '               @@@@@@@@@@@@@         @@@@@@@@                @@@@@@@', '                @@@@@@@@             @@@@                       @@@@', '                                                                       ', '2025-12-02T23:32:35Z WARN Shutdown failed: ordered shutdown timed out: other: group shutdown timed out: 1 out of 3 goroutines: http proxy: goroutine shutdown timed out: after 400ms', '']}
2025-12-02 18:32:58,772 ERROR vpn_manager Health check timed out
2025-12-02 18:32:58,772 WARNING vpn_manager Health check failed; trying restart
2025-12-02 18:33:01,267 INFO vpn_manager Container restarted
2025-12-02 18:33:46,878 ERROR vpn_manager Health check timed out
2025-12-02 18:33:46,885 INFO vpn_manager Removing container and retrying with new port/config
2025-12-02 18:33:46,885 INFO vpn_manager Removing container vpn-proxy-1764718331-8059
2025-12-02 18:33:48,494 INFO vpn_manager Attempt 2: launching vpn-proxy-1764718428-8138 using uk1830.nordvpn.com.tcp.ovpn on port 9178
2025-12-02 18:33:49,962 INFO vpn_manager Launched container vpn-proxy-1764718428-8138
2025-12-02 18:34:35,379 ERROR vpn_manager Health check timed out
2025-12-02 18:34:35,552 WARNING vpn_manager Health check failed; trying restart
2025-12-02 18:34:37,752 INFO vpn_manager Container restarted
2025-12-02 18:35:23,288 ERROR vpn_manager Health check timed out
2025-12-02 18:35:23,300 INFO vpn_manager Removing container and retrying with new port/config
2025-12-02 18:35:23,300 INFO vpn_manager Removing container vpn-proxy-1764718428-8138
2025-12-02 18:35:23,926 INFO vpn_manager Attempt 3: launching vpn-proxy-1764718523-2381 using nl1107.nordvpn.com.tcp.ovpn on port 18928
2025-12-02 18:35:24,727 INFO vpn_manager Launched container vpn-proxy-1764718523-2381
2025-12-02 18:36:10,172 ERROR vpn_manager Health check timed out
2025-12-02 18:36:10,173 WARNING vpn_manager Health check failed; trying restart
2025-12-02 18:36:12,514 INFO vpn_manager Container restarted
2025-12-02 18:36:29,310 INFO vpn_manager Loaded 2577 configs (2577 preferred, 1 bad)
2025-12-02 18:36:29,317 INFO vpn_manager Attempt 1: launching vpn-proxy-1764718589-2066 using nl1070.nordvpn.com.tcp.ovpn on port 14204
2025-12-02 18:36:30,337 INFO vpn_manager Launched container vpn-proxy-1764718589-2066
2025-12-02 18:36:58,416 ERROR vpn_manager Health check timed out
2025-12-02 18:36:58,416 INFO vpn_manager Removing container and retrying with new port/config
2025-12-02 18:36:58,417 INFO vpn_manager Removing container vpn-proxy-1764718523-2381
2025-12-02 18:37:00,248 INFO vpn_manager Attempt 4: launching vpn-proxy-1764718620-8736 using uk1617.nordvpn.com.tcp.ovpn on port 15666
2025-12-02 18:37:04,219 INFO vpn_manager Launched container vpn-proxy-1764718620-8736
2025-12-02 18:37:17,270 WARNING vpn_manager Error indicators found in logs; breaking
2025-12-02 18:37:17,271 WARNING vpn_manager Health check failed; trying restart
2025-12-02 18:37:17,331 ERROR vpn_manager Health check timed out
2025-12-02 18:37:17,332 WARNING vpn_manager Health check failed; trying restart
2025-12-02 18:37:23,643 INFO vpn_manager Container restarted
2025-12-02 18:37:23,952 INFO vpn_manager Container restarted
2025-12-02 18:37:24,537 WARNING vpn_manager Error indicators found in logs; breaking
2025-12-02 18:37:24,546 INFO vpn_manager Removing container and retrying with new port/config
2025-12-02 18:37:24,553 INFO vpn_manager Removing container vpn-proxy-1764718620-8736
2025-12-02 18:37:26,324 INFO vpn_manager Attempt 5: launching vpn-proxy-1764718646-5925 using uk2943.nordvpn.com.tcp.ovpn on port 19987
2025-12-02 18:37:30,581 INFO vpn_manager Launched container vpn-proxy-1764718646-5925
2025-12-02 18:37:53,823 WARNING vpn_manager Error indicators found in logs; breaking
2025-12-02 18:37:53,825 WARNING vpn_manager Health check failed; trying restart
2025-12-02 18:37:55,462 INFO vpn_manager Container restarted
2025-12-02 18:37:55,529 WARNING vpn_manager Error indicators found in logs; breaking
2025-12-02 18:37:55,531 INFO vpn_manager Removing container and retrying with new port/config
2025-12-02 18:37:55,532 INFO vpn_manager Removing container vpn-proxy-1764718646-5925
2025-12-02 18:37:56,254 ERROR vpnMan Failed to create new proxy
Traceback (most recent call last):
  File "/home/kali/Desktop/project/vpnMan/main.py", line 35, in new_proxy
    request_timeout=req.request_timeout,
fastapi.exceptions.HTTPException: 502: {'status': 'error', 'message': 'post_restart_health_timeout', 'logs_excerpt': ['', '2025-12-02T23:37:51Z INFO [openvpn] SIGUSR1[soft,auth-failure] received, process restarting', '', '2025-12-02T23:37:53Z WARN Caught OS signal terminated, shutting down', '2025-12-02T23:37:53Z INFO http server: terminated ✔️', '2025-12-02T23:37:53Z INFO dns ticker: terminated ✔️', '2025-12-02T23:37:53Z INFO updater ticker: terminated ✔️', '2025-12-02T23:37:53Z INFO control: terminated ✔️', '2025-12-02T23:37:53Z INFO updater: terminated ✔️', '2025-12-02T23:37:53Z INFO tickers: terminated ✔️', '2025-12-02T23:37:53Z INFO HTTP health server: terminated ✔️', '2025-12-02T23:37:53Z INFO vpn: terminated ✔️', '2025-12-02T23:37:53Z INFO shadowsocks proxy: terminated ✔️', '2025-12-02T23:37:53Z INFO dns: terminated ✔️', '2025-12-02T23:37:54Z WARN other: group shutdown timed out: 1 out of 3 goroutines: http proxy: goroutine shutdown timed out: after 400ms ⚠️', '2025-12-02T23:37:54Z INFO [routing] routing cleanup...', '2025-12-02T23:37:54Z INFO [routing] default route found: interface eth0, gateway 172.17.0.1, assigned IP 172.17.0.3 and family v4', '2025-12-02T23:37:54Z INFO [routing] deleting route for 0.0.0.0/0', '                         @@@', '                         @@@@', '                        @@@@@@', '                       @@@@.@@                       @@@@@@@@@@', '                       @@@@.@@@                   @@@@@@@@==@@@@', '                      @@@.@..@@                @@@@@@@=@..==@@@@', '            @@@@      @@@.@@.@@              @@@@@@===@@@@.=@@@', '           @...-@@   @@@@.@@.@@@  @@@     @@@@@@=======@@@=@@@@', '           @@@@@@@@  @@@.-%@.+@@@@@@@@  @@@@@%============@@@@', '                     @@@.--@..@@@@.-@@@@@@@==============@@@@', '              @@@@  @@@-@--@@.@@.---@@@@@==============#@@@@@', '              @@@   @@@.@@-@@.@@--@@@@@===============@@@@@@', '                   @@@@.@--@@@@@@@@@@================@@@@@@@', '                   @@@..--@@*@@@@@@================@@@@+*@@', '                   @@@.---@@.@@@@=================@@@@--@@', '                  @@@-.---@@@@@@================@@@@*--@@@', '                  @@@.:-#@@@@@@===============*@@@@.---@@', '                  @@@.-------.@@@============@@@@@@.--@@@', '                 @@@..--------:@@@=========@@@@@@@@.--@@@', '                 @@@.-@@@@@@@@@@@========@@@@@  @@@.--@@', '                 @@.@@@@===============@@@@@ @@@@@@---@@@@@@', '                @@@@@@@==============@@@@@@@@@@@@*@---@@@@@@@@', '                @@@@@@=============@@@@@ @@@...------------.*@@@', '                @@@@%===========@@@@@@ @@@..------@@@@.-----.-@@@', '                @@@@@@.=======@@@@@@  @@@.-------@@@@@@-.------=@@', '               @@@@@@@@@===@@@@@@     @@.------@@@@   @@@@.-----@@@', '               @@@==@@@=@@@@@@@      @@@.-@@@@@@@       @@@@@@@--@@', '               @@@@@@@@@@@@@         @@@@@@@@                @@@@@@@', '                @@@@@@@@             @@@@                       @@@@', '                                                                       ', '2025-12-02T23:37:54Z WARN Shutdown failed: ordered shutdown timed out: other: group shutdown timed out: 1 out of 3 goroutines: http proxy: goroutine shutdown timed out: after 400ms', '']}
2025-12-02 18:38:09,141 ERROR vpn_manager Health check timed out
2025-12-02 18:38:09,142 INFO vpn_manager Removing container and retrying with new port/config
2025-12-02 18:38:09,142 INFO vpn_manager Removing container vpn-proxy-1764718589-2066
2025-12-02 18:38:09,335 WARNING vpn_manager Failed removing container: 404 Client Error for http+docker://localhost/v1.47/containers/e27a34d38505cd2b44242a6ea46168093f244e9b4761b641ce6f8d6cba9e61c4?v=False&link=False&force=True: Not Found ("No such container: e27a34d38505cd2b44242a6ea46168093f244e9b4761b641ce6f8d6cba9e61c4")
2025-12-02 18:38:09,337 INFO vpn_manager Attempt 2: launching vpn-proxy-1764718689-9828 using uk1914.nordvpn.com.tcp.ovpn on port 13869
2025-12-02 18:38:10,224 INFO vpn_manager Launched container vpn-proxy-1764718689-9828
2025-12-02 18:38:57,389 ERROR vpn_manager Health check timed out
2025-12-02 18:38:57,391 WARNING vpn_manager Health check failed; trying restart
2025-12-02 18:38:57,396 ERROR vpn_manager Failed to restart container: 404 Client Error for http+docker://localhost/v1.47/containers/b4d4e25c90318d481160aa93b3233c14cd6995069ff229788932da847558ab51/restart?t=30: Not Found ("No such container: b4d4e25c90318d481160aa93b3233c14cd6995069ff229788932da847558ab51")
2025-12-02 18:38:57,397 INFO vpn_manager Removing container and retrying with new port/config
2025-12-02 18:38:57,397 INFO vpn_manager Removing container vpn-proxy-1764718689-9828
2025-12-02 18:38:57,401 WARNING vpn_manager Failed removing container: 404 Client Error for http+docker://localhost/v1.47/containers/b4d4e25c90318d481160aa93b3233c14cd6995069ff229788932da847558ab51?v=False&link=False&force=True: Not Found ("No such container: b4d4e25c90318d481160aa93b3233c14cd6995069ff229788932da847558ab51")
2025-12-02 18:38:57,402 INFO vpn_manager Attempt 3: launching vpn-proxy-1764718737-7294 using uk2936.nordvpn.com.tcp.ovpn on port 15232
2025-12-02 18:38:58,162 INFO vpn_manager Launched container vpn-proxy-1764718737-7294
2025-12-02 18:39:43,599 ERROR vpn_manager Health check timed out
2025-12-02 18:39:43,609 WARNING vpn_manager Health check failed; trying restart
2025-12-02 18:39:45,100 INFO vpn_manager Container restarted
2025-12-02 18:40:30,976 ERROR vpn_manager Health check timed out
2025-12-02 18:40:30,999 INFO vpn_manager Removing container and retrying with new port/config
2025-12-02 18:40:30,999 INFO vpn_manager Removing container vpn-proxy-1764718737-7294
2025-12-02 18:40:31,953 INFO vpn_manager Attempt 4: launching vpn-proxy-1764718831-2960 using fr1026.nordvpn.com.tcp.ovpn on port 16426
2025-12-02 18:40:32,686 INFO vpn_manager Launched container vpn-proxy-1764718831-2960
2025-12-02 18:41:18,085 ERROR vpn_manager Health check timed out
2025-12-02 18:41:18,085 WARNING vpn_manager Health check failed; trying restart
2025-12-02 18:41:19,825 INFO vpn_manager Container restarted
2025-12-02 18:42:05,833 ERROR vpn_manager Health check timed out
2025-12-02 18:42:05,845 INFO vpn_manager Removing container and retrying with new port/config
2025-12-02 18:42:05,846 INFO vpn_manager Removing container vpn-proxy-1764718831-2960
2025-12-02 18:42:06,706 INFO vpn_manager Attempt 5: launching vpn-proxy-1764718926-2962 using uk2408.nordvpn.com.tcp.ovpn on port 16147
2025-12-02 18:42:07,712 INFO vpn_manager Launched container vpn-proxy-1764718926-2962
2025-12-02 18:42:53,104 ERROR vpn_manager Health check timed out
2025-12-02 18:42:53,110 WARNING vpn_manager Health check failed; trying restart
2025-12-02 18:42:54,739 INFO vpn_manager Container restarted
2025-12-02 18:43:40,137 ERROR vpn_manager Health check timed out
2025-12-02 18:43:40,139 INFO vpn_manager Removing container and retrying with new port/config
2025-12-02 18:43:40,140 INFO vpn_manager Removing container vpn-proxy-1764718926-2962
2025-12-02 18:43:41,055 ERROR vpnMan Failed to create new proxy
Traceback (most recent call last):
  File "/home/kali/Desktop/project/vpnMan/main.py", line 35, in new_proxy
    request_timeout=req.request_timeout,
fastapi.exceptions.HTTPException: 502: {'status': 'error', 'message': 'post_restart_health_timeout', 'logs_excerpt': ['├── Control server settings:', '|   ├── Listening address: :8000', '|   ├── Logging: yes', '|   └── Authentication file path: /gluetun/auth/config.toml', '├── Storage settings:', '|   └── Filepath: /gluetun/servers.json', '├── OS Alpine settings:', '|   ├── Process UID: 1000', '|   └── Process GID: 1000', '├── Public IP settings:', '|   ├── IP file path: /tmp/gluetun/ip', '|   ├── Public IP data base API: ipinfo', '|   └── Public IP data backup APIs:', '|       ├── ifconfigco', '|       ├── ip2location', '|       └── cloudflare', '└── Version settings:', '    └── Enabled: yes', '2025-12-02T23:42:56Z INFO [routing] default route found: interface eth0, gateway 172.17.0.1, assigned IP 172.17.0.2 and family v4', '2025-12-02T23:42:56Z INFO [routing] adding route for 0.0.0.0/0', '2025-12-02T23:42:56Z INFO [firewall] setting allowed subnets...', '2025-12-02T23:42:56Z INFO [routing] default route found: interface eth0, gateway 172.17.0.1, assigned IP 172.17.0.2 and family v4', '2025-12-02T23:42:56Z INFO [dns] using plaintext DNS at address 1.1.1.1', '2025-12-02T23:42:56Z INFO [healthcheck] listening on 127.0.0.1:9999', '2025-12-02T23:42:56Z INFO [http server] http server listening on [::]:8000', '2025-12-02T23:42:56Z INFO [http proxy] listening on :8888', '2025-12-02T23:42:56Z INFO [firewall] allowing VPN connection...', "2025-12-02T23:42:56Z INFO [openvpn] DEPRECATED OPTION: --cipher set to 'AES-256-CBC' but missing in --data-ciphers (AES-256-GCM:AES-128-GCM:CHACHA20-POLY1305). OpenVPN ignores --cipher for cipher negotiations. ", '2025-12-02T23:42:56Z INFO [openvpn] OpenVPN 2.6.16 x86_64-alpine-linux-musl [SSL (OpenSSL)] [LZO] [LZ4] [EPOLL] [MH/PKTINFO] [AEAD]', '2025-12-02T23:42:56Z INFO [openvpn] library versions: OpenSSL 3.5.4 30 Sep 2025, LZO 2.10', '2025-12-02T23:42:56Z WARN [openvpn] --ping should normally be used with --ping-restart or --ping-exit', '2025-12-02T23:42:56Z INFO [openvpn] --fast-io is disabled since we are not using UDP', '2025-12-02T23:42:56Z INFO [openvpn] TCP/UDP: Preserving recently used remote address: [AF_INET]103.214.45.244:443', '2025-12-02T23:42:56Z INFO [openvpn] Attempting to establish TCP connection with [AF_INET]103.214.45.244:443', '2025-12-02T23:42:56Z INFO [openvpn] TCP connection established with [AF_INET]103.214.45.244:443', '2025-12-02T23:42:56Z INFO [openvpn] TCPv4_CLIENT link local: (not bound)', '2025-12-02T23:42:56Z INFO [openvpn] TCPv4_CLIENT link remote: [AF_INET]103.214.45.244:443', '2025-12-02T23:42:57Z INFO [openvpn] [uk2408.nordvpn.com] Peer Connection Initiated with [AF_INET]103.214.45.244:443', '2025-12-02T23:42:57Z INFO [openvpn] TUN/TAP device tun0 opened', '2025-12-02T23:42:57Z INFO [openvpn] /sbin/ip link set dev tun0 up mtu 1500', '2025-12-02T23:42:57Z INFO [openvpn] /sbin/ip link set dev tun0 up', '2025-12-02T23:42:57Z INFO [openvpn] /sbin/ip addr add dev tun0 10.100.0.2/16 broadcast +', '2025-12-02T23:42:57Z INFO [openvpn] UID set to nonrootuser', '2025-12-02T23:42:57Z INFO [openvpn] Initialization Sequence Completed', '2025-12-02T23:42:57Z INFO [dns] downloading hostnames and IP block lists', '2025-12-02T23:43:06Z INFO [dns] DNS server listening on [::]:53', '2025-12-02T23:43:06Z INFO [dns] ready', '2025-12-02T23:43:08Z INFO [ip getter] Public IP address is 130.185.116.165 (United Kingdom, England, Manchester - source: ipinfo)', '2025-12-02T23:43:10Z INFO [vpn] You are running on the bleeding edge of latest!', '']}
